<?xml version="1.0" encoding="UTF-8"?>
<testsuite xmlns:xsi="http://www.w3.org/2001/XMLSchema-instance" xsi:noNamespaceSchemaLocation="https://maven.apache.org/surefire/maven-surefire-plugin/xsd/surefire-test-report-3.0.xsd" version="3.0" name="com.funds.transfer.repository.AccountRepositoryTest" time="1.69" tests="2" errors="0" skipped="0" failures="0">
  <properties>
[...]
</properties>
  <testcase name="findAllAccounts_returnListOfAccounts" classname="com.funds.transfer.repository.AccountRepositoryTest" time="0.285">
    <system-out><![CDATA[00:54:13.842 [main] INFO org.springframework.test.context.support.AnnotationConfigContextLoaderUtils -- Could not detect default configuration classes for test class [com.funds.transfer.repository.AccountRepositoryTest]: AccountRepositoryTest does not declare any static, non-private, non-final, nested classes annotated with @Configuration.
00:54:13.913 [main] INFO org.springframework.boot.test.context.SpringBootTestContextBootstrapper -- Found @SpringBootConfiguration com.funds.transfer.FundTransferApplication for test class com.funds.transfer.repository.AccountRepositoryTest

  .   ____          _            __ _ _
 /\\ / ___'_ __ _ _(_)_ __  __ _ \ \ \ \
( ( )\___ | '_ | '_| | '_ \/ _` | \ \ \ \
 \\/  ___)| |_)| | | | | || (_| |  ) ) ) )
  '  |____| .__|_| |_|_| |_\__, | / / / /
 =========|_|==============|___/=/_/_/_/

 :: Spring Boot ::                (v3.3.2)

2024-08-31T00:54:14.143+02:00  INFO 27765 --- [Fund-Transfer] [           main] c.f.t.repository.AccountRepositoryTest   : Starting AccountRepositoryTest using Java 17.0.11 with PID 27765 (started by varunkaushik in /Users/varunkaushik/Downloads/transfer/Funds-Transfer)
2024-08-31T00:54:14.144+02:00  INFO 27765 --- [Fund-Transfer] [           main] c.f.t.repository.AccountRepositoryTest   : No active profile set, falling back to 1 default profile: "default"
2024-08-31T00:54:14.330+02:00  INFO 27765 --- [Fund-Transfer] [           main] .s.d.r.c.RepositoryConfigurationDelegate : Bootstrapping Spring Data JPA repositories in DEFAULT mode.
2024-08-31T00:54:14.353+02:00  INFO 27765 --- [Fund-Transfer] [           main] .s.d.r.c.RepositoryConfigurationDelegate : Finished Spring Data repository scanning in 20 ms. Found 2 JPA repository interfaces.
2024-08-31T00:54:14.375+02:00  INFO 27765 --- [Fund-Transfer] [           main] beddedDataSourceBeanFactoryPostProcessor : Replacing 'dataSource' DataSource bean with embedded version
2024-08-31T00:54:14.422+02:00  INFO 27765 --- [Fund-Transfer] [           main] o.s.j.d.e.EmbeddedDatabaseFactory        : Starting embedded database: url='jdbc:h2:mem:85ceed2a-7aa5-4376-badd-2a433fa8a594;DB_CLOSE_DELAY=-1;DB_CLOSE_ON_EXIT=false', username='sa'
2024-08-31T00:54:14.520+02:00  INFO 27765 --- [Fund-Transfer] [           main] o.hibernate.jpa.internal.util.LogHelper  : HHH000204: Processing PersistenceUnitInfo [name: default]
2024-08-31T00:54:14.534+02:00  INFO 27765 --- [Fund-Transfer] [           main] org.hibernate.Version                    : HHH000412: Hibernate ORM core version 6.5.2.Final
2024-08-31T00:54:14.543+02:00  INFO 27765 --- [Fund-Transfer] [           main] o.h.c.internal.RegionFactoryInitiator    : HHH000026: Second-level cache disabled
2024-08-31T00:54:14.626+02:00  INFO 27765 --- [Fund-Transfer] [           main] o.s.o.j.p.SpringPersistenceUnitInfo      : No LoadTimeWeaver setup: ignoring JPA class transformer
2024-08-31T00:54:14.914+02:00  INFO 27765 --- [Fund-Transfer] [           main] o.h.e.t.j.p.i.JtaPlatformInitiator       : HHH000489: No JTA platform available (set 'hibernate.transaction.jta.platform' to enable JTA platform integration)
Hibernate: create table account (account_id integer generated by default as identity, account_name varchar(255), account_type tinyint check (account_type between 0 and 1), balance float(53) not null, created_date timestamp(6), currency varchar(255), last_modified_date timestamp(6), primary key (account_id))
Hibernate: create table transaction (transaction_id integer generated by default as identity, amount float(53) not null, from_currency varchar(255), receiver_account_id integer not null, sender_account_id integer not null, status tinyint check (status between 0 and 2), to_currency varchar(255), transaction_date timestamp(6), type_of_transaction tinyint check (type_of_transaction between 0 and 2), primary key (transaction_id))
2024-08-31T00:54:14.931+02:00  INFO 27765 --- [Fund-Transfer] [           main] j.LocalContainerEntityManagerFactoryBean : Initialized JPA EntityManagerFactory for persistence unit 'default'
2024-08-31T00:54:15.010+02:00  INFO 27765 --- [Fund-Transfer] [           main] o.s.d.j.r.query.QueryEnhancerFactory     : Hibernate is in classpath; If applicable, HQL parser will be used.
2024-08-31T00:54:15.140+02:00  INFO 27765 --- [Fund-Transfer] [           main] c.f.t.repository.AccountRepositoryTest   : Started AccountRepositoryTest in 1.189 seconds (process running for 1.629)
Hibernate: insert into account (account_name,account_type,balance,created_date,currency,last_modified_date,account_id) values (?,?,?,?,?,?,default)
Hibernate: insert into account (account_name,account_type,balance,created_date,currency,last_modified_date,account_id) values (?,?,?,?,?,?,default)
Hibernate: select a1_0.account_id,a1_0.account_name,a1_0.account_type,a1_0.balance,a1_0.created_date,a1_0.currency,a1_0.last_modified_date from account a1_0
]]></system-out>
  </testcase>
  <testcase name="saveAccount_returnAccount" classname="com.funds.transfer.repository.AccountRepositoryTest" time="0.003">
    <system-out><![CDATA[Hibernate: insert into account (account_name,account_type,balance,created_date,currency,last_modified_date,account_id) values (?,?,?,?,?,?,default)
]]></system-out>
  </testcase>
</testsuite>