<?xml version="1.0" encoding="UTF-8"?>
<testsuite xmlns:xsi="http://www.w3.org/2001/XMLSchema-instance" xsi:noNamespaceSchemaLocation="https://maven.apache.org/surefire/maven-surefire-plugin/xsd/surefire-test-report-3.0.xsd" version="3.0" name="com.funds.transfer.service.TransactionServiceImplTest" time="0.081" tests="5" errors="0" skipped="0" failures="0">
  <properties>
[...]
</properties>
  <testcase name="testCreateTransaction_InvalidTransactionType" classname="com.funds.transfer.service.TransactionServiceImplTest" time="0.056">
    <system-out><![CDATA[2024-08-31T00:53:05.744+02:00 ERROR 27679 --- [Fund-Transfer] [           main] c.f.t.s.s.TransactionServiceImpl         : Invalid transaction type inserted by user null
]]></system-out>
  </testcase>
  <testcase name="testDeposit_Success" classname="com.funds.transfer.service.TransactionServiceImplTest" time="0.009">
    <system-out><![CDATA[2024-08-31T00:53:05.747+02:00  INFO 27679 --- [Fund-Transfer] [           main] c.f.t.s.s.TransactionServiceImpl         : Fetching account details with account ID 1
]]></system-out>
  </testcase>
  <testcase name="testDeposit_InvalidAmount" classname="com.funds.transfer.service.TransactionServiceImplTest" time="0.003">
    <system-out><![CDATA[2024-08-31T00:53:05.756+02:00  INFO 27679 --- [Fund-Transfer] [           main] c.f.t.s.s.TransactionServiceImpl         : Fetching account details with account ID 1
2024-08-31T00:53:05.756+02:00 ERROR 27679 --- [Fund-Transfer] [           main] c.f.t.s.s.TransactionServiceImpl         : -100.0 invalid amount inserted by user
]]></system-out>
  </testcase>
  <testcase name="testWithdraw_InsufficientBalance" classname="com.funds.transfer.service.TransactionServiceImplTest" time="0.002"/>
  <testcase name="testCreateTransaction_Transfer" classname="com.funds.transfer.service.TransactionServiceImplTest" time="0.01">
    <system-out><![CDATA[2024-08-31T00:53:05.761+02:00  INFO 27679 --- [Fund-Transfer] [           main] c.f.t.s.s.TransactionServiceImpl         : Create Transaction with transaction type as TRANSFER
2024-08-31T00:53:05.762+02:00  INFO 27679 --- [Fund-Transfer] [           main] c.f.t.s.s.TransactionServiceImpl         : Fetching current rates and amount to be transferred from Exchange RAte API
2024-08-31T00:53:05.764+02:00  INFO 27679 --- [Fund-Transfer] [           main] c.f.t.s.s.TransactionServiceImpl         : Current Rates fetched:CurrencyExchanger(base_code=USD, target_code=USD, conversion_rate=0.9, conversion_result=90.0)
2024-08-31T00:53:05.764+02:00  INFO 27679 --- [Fund-Transfer] [           main] c.f.t.s.s.TransactionServiceImpl         : updating sender account balance 
2024-08-31T00:53:05.764+02:00  INFO 27679 --- [Fund-Transfer] [           main] c.f.t.s.s.TransactionServiceImpl         : updating receiver account balance 
2024-08-31T00:53:05.765+02:00  INFO 27679 --- [Fund-Transfer] [           main] c.f.t.s.s.TransactionServiceImpl         : Transaction object created, under process
2024-08-31T00:53:05.768+02:00  INFO 27679 --- [Fund-Transfer] [           main] c.f.t.s.s.TransactionServiceImpl         : Transaction completed with transaction: Transaction(transactionId=101, senderAccountId=1, receiverAccountId=2, typeOfTransaction=TRANSFER, amount=100.0, toCurrency=USD, fromCurrency=USD, transactionDate=2024-08-31T00:53:05.761784, status=COMPLETED)
]]></system-out>
  </testcase>
</testsuite>